[2025-11-15T04:35:09.754+0000] {local_task_job_runner.py:120} INFO - ::group::Pre task execution logs
[2025-11-15T04:35:10.607+0000] {taskinstance.py:2076} INFO - Dependencies all met for dep_context=non-requeueable deps ti=<TaskInstance: task_2_transform_to_dwh.load_dim_campaigns manual__2025-11-15T04:34:57.036216+00:00 [queued]>
[2025-11-15T04:35:10.732+0000] {taskinstance.py:2076} INFO - Dependencies all met for dep_context=requeueable deps ti=<TaskInstance: task_2_transform_to_dwh.load_dim_campaigns manual__2025-11-15T04:34:57.036216+00:00 [queued]>
[2025-11-15T04:35:10.735+0000] {taskinstance.py:2306} INFO - Starting attempt 1 of 1
[2025-11-15T04:35:10.842+0000] {taskinstance.py:2330} INFO - Executing <Task(_PythonDecoratedOperator): load_dim_campaigns> on 2025-11-15 04:34:57.036216+00:00
[2025-11-15T04:35:10.940+0000] {warnings.py:112} WARNING - /home/***/.local/lib/python3.12/site-packages/***/task/task_runner/standard_task_runner.py:61: DeprecationWarning: This process (pid=368) is multi-threaded, use of fork() may lead to deadlocks in the child.
  pid = os.fork()

[2025-11-15T04:35:10.969+0000] {standard_task_runner.py:63} INFO - Started process 377 to run task
[2025-11-15T04:35:11.172+0000] {standard_task_runner.py:90} INFO - Running: ['***', 'tasks', 'run', 'task_2_transform_to_dwh', 'load_dim_campaigns', 'manual__2025-11-15T04:34:57.036216+00:00', '--job-id', '8', '--raw', '--subdir', 'DAGS_FOLDER/transform_to_dwh.py', '--cfg-path', '/tmp/tmplgijatjo']
[2025-11-15T04:35:29.980+0000] {standard_task_runner.py:91} INFO - Job 8: Subtask load_dim_campaigns
[2025-11-15T04:35:12.178+0000] {warnings.py:112} WARNING - /home/***/.local/lib/python3.12/site-packages/***/settings.py:195: DeprecationWarning: The sql_alchemy_conn option in [core] has been moved to the sql_alchemy_conn option in [database] - the old setting has been used, but please update your config.
  SQL_ALCHEMY_CONN = conf.get("database", "SQL_ALCHEMY_CONN")

[2025-11-15T04:35:12.773+0000] {task_command.py:426} INFO - Running <TaskInstance: task_2_transform_to_dwh.load_dim_campaigns manual__2025-11-15T04:34:57.036216+00:00 [running]> on host b556bcabdf74
[2025-11-15T04:35:13.667+0000] {taskinstance.py:2648} INFO - Exporting env vars: AIRFLOW_CTX_DAG_OWNER='***' AIRFLOW_CTX_DAG_ID='task_2_transform_to_dwh' AIRFLOW_CTX_TASK_ID='load_dim_campaigns' AIRFLOW_CTX_EXECUTION_DATE='2025-11-15T04:34:57.036216+00:00' AIRFLOW_CTX_TRY_NUMBER='1' AIRFLOW_CTX_DAG_RUN_ID='manual__2025-11-15T04:34:57.036216+00:00'
[2025-11-15T04:35:13.680+0000] {taskinstance.py:430} INFO - ::endgroup::
[2025-11-15T04:35:14.184+0000] {base.py:84} INFO - Using connection ID 'postgres_staging_db' for task execution.
[2025-11-15T04:35:14.202+0000] {sql.py:487} INFO - Running statement: 
        INSERT INTO dwh.dim_campaign (
            campaign_id_natural, campaign_name, start_date, end_date, channel
        )
        SELECT
            campaign_id, campaign_name, start_date, end_date, channel
        FROM staging.stg_marketing_campaigns
        ON CONFLICT (campaign_id_natural) DO UPDATE
        SET
            campaign_name = EXCLUDED.campaign_name,
            start_date = EXCLUDED.start_date,
            end_date = EXCLUDED.end_date,
            channel = EXCLUDED.channel;
    , parameters: None
[2025-11-15T04:35:14.226+0000] {taskinstance.py:441} INFO - ::group::Post task execution logs
[2025-11-15T04:35:14.238+0000] {taskinstance.py:2905} ERROR - Task failed with exception
Traceback (most recent call last):
  File "/home/airflow/.local/lib/python3.12/site-packages/airflow/models/taskinstance.py", line 465, in _execute_task
    result = _execute_callable(context=context, **execute_callable_kwargs)
             ^^^^^^^^^^^^^^^^^^^^^^^^^^^^^^^^^^^^^^^^^^^^^^^^^^^^^^^^^^^^^
  File "/home/airflow/.local/lib/python3.12/site-packages/airflow/models/taskinstance.py", line 432, in _execute_callable
    return execute_callable(context=context, **execute_callable_kwargs)
           ^^^^^^^^^^^^^^^^^^^^^^^^^^^^^^^^^^^^^^^^^^^^^^^^^^^^^^^^^^^^
  File "/home/airflow/.local/lib/python3.12/site-packages/airflow/models/baseoperator.py", line 401, in wrapper
    return func(self, *args, **kwargs)
           ^^^^^^^^^^^^^^^^^^^^^^^^^^^
  File "/home/airflow/.local/lib/python3.12/site-packages/airflow/decorators/base.py", line 265, in execute
    return_value = super().execute(context)
                   ^^^^^^^^^^^^^^^^^^^^^^^^
  File "/home/airflow/.local/lib/python3.12/site-packages/airflow/models/baseoperator.py", line 401, in wrapper
    return func(self, *args, **kwargs)
           ^^^^^^^^^^^^^^^^^^^^^^^^^^^
  File "/home/airflow/.local/lib/python3.12/site-packages/airflow/operators/python.py", line 235, in execute
    return_value = self.execute_callable()
                   ^^^^^^^^^^^^^^^^^^^^^^^
  File "/home/airflow/.local/lib/python3.12/site-packages/airflow/operators/python.py", line 252, in execute_callable
    return self.python_callable(*self.op_args, **self.op_kwargs)
           ^^^^^^^^^^^^^^^^^^^^^^^^^^^^^^^^^^^^^^^^^^^^^^^^^^^^^
  File "/opt/airflow/dags/transform_to_dwh.py", line 70, in load_dim_campaigns
    hook.run(sql)
  File "/home/airflow/.local/lib/python3.12/site-packages/airflow/providers/common/sql/hooks/sql.py", line 435, in run
    self._run_command(cur, sql_statement, parameters)
  File "/home/airflow/.local/lib/python3.12/site-packages/airflow/providers/common/sql/hooks/sql.py", line 492, in _run_command
    cur.execute(sql_statement)
psycopg2.errors.InvalidColumnReference: there is no unique or exclusion constraint matching the ON CONFLICT specification

[2025-11-15T04:35:14.489+0000] {taskinstance.py:1206} INFO - Marking task as FAILED. dag_id=task_2_transform_to_dwh, task_id=load_dim_campaigns, run_id=manual__2025-11-15T04:34:57.036216+00:00, execution_date=20251115T043457, start_date=20251115T043510, end_date=20251115T043514
[2025-11-15T04:35:14.640+0000] {standard_task_runner.py:110} ERROR - Failed to execute job 8 for task load_dim_campaigns (there is no unique or exclusion constraint matching the ON CONFLICT specification
; 377)
[2025-11-15T04:35:14.701+0000] {local_task_job_runner.py:240} INFO - Task exited with return code 1
[2025-11-15T04:35:14.950+0000] {taskinstance.py:3503} INFO - 0 downstream tasks scheduled from follow-on schedule check
[2025-11-15T04:35:15.000+0000] {local_task_job_runner.py:222} INFO - ::endgroup::
