[2025-11-15T11:46:21.507+0000] {local_task_job_runner.py:120} INFO - ::group::Pre task execution logs
[2025-11-15T11:46:21.555+0000] {taskinstance.py:2076} INFO - Dependencies all met for dep_context=non-requeueable deps ti=<TaskInstance: task_2_transform_to_dwh.load_fact_sales manual__2025-11-15T11:46:18.086154+00:00 [queued]>
[2025-11-15T11:46:21.568+0000] {taskinstance.py:2076} INFO - Dependencies all met for dep_context=requeueable deps ti=<TaskInstance: task_2_transform_to_dwh.load_fact_sales manual__2025-11-15T11:46:18.086154+00:00 [queued]>
[2025-11-15T11:46:21.570+0000] {taskinstance.py:2306} INFO - Starting attempt 1 of 1
[2025-11-15T11:46:21.592+0000] {taskinstance.py:2330} INFO - Executing <Task(_PythonDecoratedOperator): load_fact_sales> on 2025-11-15 11:46:18.086154+00:00
[2025-11-15T11:46:21.603+0000] {logging_mixin.py:188} WARNING - /home/***/.local/lib/python3.12/site-packages/***/task/task_runner/standard_task_runner.py:61 DeprecationWarning: This process (pid=983) is multi-threaded, use of fork() may lead to deadlocks in the child.
[2025-11-15T11:46:21.604+0000] {standard_task_runner.py:63} INFO - Started process 984 to run task
[2025-11-15T11:46:21.603+0000] {standard_task_runner.py:90} INFO - Running: ['***', 'tasks', 'run', 'task_2_transform_to_dwh', 'load_fact_sales', 'manual__2025-11-15T11:46:18.086154+00:00', '--job-id', '12', '--raw', '--subdir', 'DAGS_FOLDER/transform_to_dwh.py', '--cfg-path', '/tmp/tmp_qgjtqna']
[2025-11-15T11:46:21.605+0000] {standard_task_runner.py:91} INFO - Job 12: Subtask load_fact_sales
[2025-11-15T11:46:21.625+0000] {logging_mixin.py:188} WARNING - /home/***/.local/lib/python3.12/site-packages/***/settings.py:195 DeprecationWarning: The sql_alchemy_conn option in [core] has been moved to the sql_alchemy_conn option in [database] - the old setting has been used, but please update your config.
[2025-11-15T11:46:21.676+0000] {task_command.py:426} INFO - Running <TaskInstance: task_2_transform_to_dwh.load_fact_sales manual__2025-11-15T11:46:18.086154+00:00 [running]> on host b18bae2736b0
[2025-11-15T11:46:21.775+0000] {taskinstance.py:2648} INFO - Exporting env vars: AIRFLOW_CTX_DAG_OWNER='***' AIRFLOW_CTX_DAG_ID='task_2_transform_to_dwh' AIRFLOW_CTX_TASK_ID='load_fact_sales' AIRFLOW_CTX_EXECUTION_DATE='2025-11-15T11:46:18.086154+00:00' AIRFLOW_CTX_TRY_NUMBER='1' AIRFLOW_CTX_DAG_RUN_ID='manual__2025-11-15T11:46:18.086154+00:00'
[2025-11-15T11:46:21.776+0000] {taskinstance.py:430} INFO - ::endgroup::
[2025-11-15T11:46:21.778+0000] {transform_to_dwh.py:157} INFO - Truncating fact_sales for idempotent load...
[2025-11-15T11:46:21.801+0000] {base.py:84} INFO - Using connection ID 'postgres_staging_db' for task execution.
[2025-11-15T11:46:21.807+0000] {sql.py:487} INFO - Running statement: TRUNCATE TABLE dwh.fact_sales;, parameters: None
[2025-11-15T11:46:21.814+0000] {taskinstance.py:441} INFO - ::group::Post task execution logs
[2025-11-15T11:46:21.815+0000] {taskinstance.py:2905} ERROR - Task failed with exception
Traceback (most recent call last):
  File "/home/airflow/.local/lib/python3.12/site-packages/airflow/models/taskinstance.py", line 465, in _execute_task
    result = _execute_callable(context=context, **execute_callable_kwargs)
             ^^^^^^^^^^^^^^^^^^^^^^^^^^^^^^^^^^^^^^^^^^^^^^^^^^^^^^^^^^^^^
  File "/home/airflow/.local/lib/python3.12/site-packages/airflow/models/taskinstance.py", line 432, in _execute_callable
    return execute_callable(context=context, **execute_callable_kwargs)
           ^^^^^^^^^^^^^^^^^^^^^^^^^^^^^^^^^^^^^^^^^^^^^^^^^^^^^^^^^^^^
  File "/home/airflow/.local/lib/python3.12/site-packages/airflow/models/baseoperator.py", line 401, in wrapper
    return func(self, *args, **kwargs)
           ^^^^^^^^^^^^^^^^^^^^^^^^^^^
  File "/home/airflow/.local/lib/python3.12/site-packages/airflow/decorators/base.py", line 265, in execute
    return_value = super().execute(context)
                   ^^^^^^^^^^^^^^^^^^^^^^^^
  File "/home/airflow/.local/lib/python3.12/site-packages/airflow/models/baseoperator.py", line 401, in wrapper
    return func(self, *args, **kwargs)
           ^^^^^^^^^^^^^^^^^^^^^^^^^^^
  File "/home/airflow/.local/lib/python3.12/site-packages/airflow/operators/python.py", line 235, in execute
    return_value = self.execute_callable()
                   ^^^^^^^^^^^^^^^^^^^^^^^
  File "/home/airflow/.local/lib/python3.12/site-packages/airflow/operators/python.py", line 252, in execute_callable
    return self.python_callable(*self.op_args, **self.op_kwargs)
           ^^^^^^^^^^^^^^^^^^^^^^^^^^^^^^^^^^^^^^^^^^^^^^^^^^^^^
  File "/opt/airflow/dags/transform_to_dwh.py", line 158, in load_fact_sales
    hook.run(truncate_sql)
  File "/home/airflow/.local/lib/python3.12/site-packages/airflow/providers/common/sql/hooks/sql.py", line 435, in run
    self._run_command(cur, sql_statement, parameters)
  File "/home/airflow/.local/lib/python3.12/site-packages/airflow/providers/common/sql/hooks/sql.py", line 492, in _run_command
    cur.execute(sql_statement)
psycopg2.errors.UndefinedTable: relation "dwh.fact_sales" does not exist

[2025-11-15T11:46:21.841+0000] {taskinstance.py:1206} INFO - Marking task as FAILED. dag_id=task_2_transform_to_dwh, task_id=load_fact_sales, run_id=manual__2025-11-15T11:46:18.086154+00:00, execution_date=20251115T114618, start_date=20251115T114621, end_date=20251115T114621
[2025-11-15T11:46:21.862+0000] {standard_task_runner.py:110} ERROR - Failed to execute job 12 for task load_fact_sales (relation "dwh.fact_sales" does not exist
; 984)
[2025-11-15T11:46:21.899+0000] {local_task_job_runner.py:240} INFO - Task exited with return code 1
[2025-11-15T11:46:21.926+0000] {taskinstance.py:3503} INFO - 0 downstream tasks scheduled from follow-on schedule check
[2025-11-15T11:46:21.931+0000] {local_task_job_runner.py:222} INFO - ::endgroup::
