[2025-11-15T04:35:10.001+0000] {local_task_job_runner.py:120} INFO - ::group::Pre task execution logs
[2025-11-15T04:35:10.386+0000] {taskinstance.py:2076} INFO - Dependencies all met for dep_context=non-requeueable deps ti=<TaskInstance: task_2_transform_to_dwh.load_dim_products manual__2025-11-15T04:34:57.036216+00:00 [queued]>
[2025-11-15T04:35:10.593+0000] {taskinstance.py:2076} INFO - Dependencies all met for dep_context=requeueable deps ti=<TaskInstance: task_2_transform_to_dwh.load_dim_products manual__2025-11-15T04:34:57.036216+00:00 [queued]>
[2025-11-15T04:35:10.596+0000] {taskinstance.py:2306} INFO - Starting attempt 1 of 1
[2025-11-15T04:35:10.811+0000] {taskinstance.py:2330} INFO - Executing <Task(_PythonDecoratedOperator): load_dim_products> on 2025-11-15 04:34:57.036216+00:00
[2025-11-15T04:35:10.895+0000] {warnings.py:112} WARNING - /home/***/.local/lib/python3.12/site-packages/***/task/task_runner/standard_task_runner.py:61: DeprecationWarning: This process (pid=369) is multi-threaded, use of fork() may lead to deadlocks in the child.
  pid = os.fork()

[2025-11-15T04:35:11.118+0000] {standard_task_runner.py:63} INFO - Started process 376 to run task
[2025-11-15T04:35:11.231+0000] {standard_task_runner.py:90} INFO - Running: ['***', 'tasks', 'run', 'task_2_transform_to_dwh', 'load_dim_products', 'manual__2025-11-15T04:34:57.036216+00:00', '--job-id', '11', '--raw', '--subdir', 'DAGS_FOLDER/transform_to_dwh.py', '--cfg-path', '/tmp/tmpp01u70yy']
[2025-11-15T04:35:30.005+0000] {standard_task_runner.py:91} INFO - Job 11: Subtask load_dim_products
[2025-11-15T04:35:12.523+0000] {warnings.py:112} WARNING - /home/***/.local/lib/python3.12/site-packages/***/settings.py:195: DeprecationWarning: The sql_alchemy_conn option in [core] has been moved to the sql_alchemy_conn option in [database] - the old setting has been used, but please update your config.
  SQL_ALCHEMY_CONN = conf.get("database", "SQL_ALCHEMY_CONN")

[2025-11-15T04:35:13.060+0000] {task_command.py:426} INFO - Running <TaskInstance: task_2_transform_to_dwh.load_dim_products manual__2025-11-15T04:34:57.036216+00:00 [running]> on host b556bcabdf74
[2025-11-15T04:35:13.761+0000] {taskinstance.py:2648} INFO - Exporting env vars: AIRFLOW_CTX_DAG_OWNER='***' AIRFLOW_CTX_DAG_ID='task_2_transform_to_dwh' AIRFLOW_CTX_TASK_ID='load_dim_products' AIRFLOW_CTX_EXECUTION_DATE='2025-11-15T04:34:57.036216+00:00' AIRFLOW_CTX_TRY_NUMBER='1' AIRFLOW_CTX_DAG_RUN_ID='manual__2025-11-15T04:34:57.036216+00:00'
[2025-11-15T04:35:13.766+0000] {taskinstance.py:430} INFO - ::endgroup::
[2025-11-15T04:35:14.162+0000] {base.py:84} INFO - Using connection ID 'postgres_staging_db' for task execution.
[2025-11-15T04:35:14.222+0000] {sql.py:487} INFO - Running statement: 
        INSERT INTO dwh.dim_product (
            product_id_natural, product_name, category, master_price
        )
        SELECT
            product_id, product_name, category, price
        FROM staging.stg_products
        ON CONFLICT (product_id_natural) DO UPDATE
        SET
            product_name = EXCLUDED.product_name,
            category = EXCLUDED.category,
            master_price = EXCLUDED.master_price;
    , parameters: None
[2025-11-15T04:35:14.257+0000] {taskinstance.py:441} INFO - ::group::Post task execution logs
[2025-11-15T04:35:14.260+0000] {taskinstance.py:2905} ERROR - Task failed with exception
Traceback (most recent call last):
  File "/home/airflow/.local/lib/python3.12/site-packages/airflow/models/taskinstance.py", line 465, in _execute_task
    result = _execute_callable(context=context, **execute_callable_kwargs)
             ^^^^^^^^^^^^^^^^^^^^^^^^^^^^^^^^^^^^^^^^^^^^^^^^^^^^^^^^^^^^^
  File "/home/airflow/.local/lib/python3.12/site-packages/airflow/models/taskinstance.py", line 432, in _execute_callable
    return execute_callable(context=context, **execute_callable_kwargs)
           ^^^^^^^^^^^^^^^^^^^^^^^^^^^^^^^^^^^^^^^^^^^^^^^^^^^^^^^^^^^^
  File "/home/airflow/.local/lib/python3.12/site-packages/airflow/models/baseoperator.py", line 401, in wrapper
    return func(self, *args, **kwargs)
           ^^^^^^^^^^^^^^^^^^^^^^^^^^^
  File "/home/airflow/.local/lib/python3.12/site-packages/airflow/decorators/base.py", line 265, in execute
    return_value = super().execute(context)
                   ^^^^^^^^^^^^^^^^^^^^^^^^
  File "/home/airflow/.local/lib/python3.12/site-packages/airflow/models/baseoperator.py", line 401, in wrapper
    return func(self, *args, **kwargs)
           ^^^^^^^^^^^^^^^^^^^^^^^^^^^
  File "/home/airflow/.local/lib/python3.12/site-packages/airflow/operators/python.py", line 235, in execute
    return_value = self.execute_callable()
                   ^^^^^^^^^^^^^^^^^^^^^^^
  File "/home/airflow/.local/lib/python3.12/site-packages/airflow/operators/python.py", line 252, in execute_callable
    return self.python_callable(*self.op_args, **self.op_kwargs)
           ^^^^^^^^^^^^^^^^^^^^^^^^^^^^^^^^^^^^^^^^^^^^^^^^^^^^^
  File "/opt/airflow/dags/transform_to_dwh.py", line 50, in load_dim_products
    hook.run(sql)
  File "/home/airflow/.local/lib/python3.12/site-packages/airflow/providers/common/sql/hooks/sql.py", line 435, in run
    self._run_command(cur, sql_statement, parameters)
  File "/home/airflow/.local/lib/python3.12/site-packages/airflow/providers/common/sql/hooks/sql.py", line 492, in _run_command
    cur.execute(sql_statement)
psycopg2.errors.InvalidColumnReference: there is no unique or exclusion constraint matching the ON CONFLICT specification

[2025-11-15T04:35:14.380+0000] {taskinstance.py:1206} INFO - Marking task as FAILED. dag_id=task_2_transform_to_dwh, task_id=load_dim_products, run_id=manual__2025-11-15T04:34:57.036216+00:00, execution_date=20251115T043457, start_date=20251115T043510, end_date=20251115T043514
[2025-11-15T04:35:14.561+0000] {standard_task_runner.py:110} ERROR - Failed to execute job 11 for task load_dim_products (there is no unique or exclusion constraint matching the ON CONFLICT specification
; 376)
[2025-11-15T04:35:14.744+0000] {local_task_job_runner.py:240} INFO - Task exited with return code 1
[2025-11-15T04:35:14.850+0000] {local_task_job_runner.py:222} INFO - ::endgroup::
